<?xml version="1.0" encoding="UTF-8"?>
<!-- Generated by org.testng.reporters.JUnitReportReporter -->
<testsuite skipped="0" hostname="Laptop-Vithun" name="lerantest.Tools_form" tests="1" failures="0" timestamp="21 Oct 2018 12:18:15 GMT" time="32.098" errors="0">
  <testcase name="form_fill" time="32.098" classname="lerantest.Tools_form"/>
</testsuite> <!-- lerantest.Tools_form -->
